#
# There is insufficient memory for the Java Runtime Environment to continue.
# Native memory allocation (mmap) failed to map 132120576 bytes for G1 virtual space
# Possible reasons:
#   The system is out of physical RAM or swap space
#   The process is running with CompressedOops enabled, and the Java Heap may be blocking the growth of the native heap
# Possible solutions:
#   Reduce memory load on the system
#   Increase physical memory or swap space
#   Check if swap backing store is full
#   Decrease Java heap size (-Xmx/-Xms)
#   Decrease number of Java threads
#   Decrease Java thread stack sizes (-Xss)
#   Set larger code cache with -XX:ReservedCodeCacheSize=
#   JVM is running with Unscaled Compressed Oops mode in which the Java heap is
#     placed in the first 4GB address space. The Java Heap base address is the
#     maximum limit for the native heap growth. Please use -XX:HeapBaseMinAddress
#     to set the Java Heap base and to place the Java Heap above 4GB virtual address.
# This output file may be truncated or incomplete.
#
#  Out of Memory Error (os_windows.cpp:3541), pid=11852, tid=36636
#
# JRE version:  (17.0.4.1+1) (build )
# Java VM: OpenJDK 64-Bit Server VM (17.0.4.1+1, mixed mode, sharing, tiered, compressed oops, compressed class ptrs, g1 gc, windows-amd64)
# No core dump will be written. Minidumps are not enabled by default on client versions of Windows
#

---------------  S U M M A R Y ------------

Command Line: -Dfile.encoding=UTF-8 -XX:+ShowCodeDetailsInExceptionMessages HospitalManagementSystem

Host: Intel(R) Core(TM) i5-10210U CPU @ 1.60GHz, 8 cores, 7G,  Windows 11 , 64 bit Build 22000 (10.0.22000.2538)
Time: Sun Aug 10 19:56:07 2025 India Standard Time elapsed time: 0.039239 seconds (0d 0h 0m 0s)

---------------  T H R E A D  ---------------

Current thread (0x00000226b1029fb0):  JavaThread "Unknown thread" [_thread_in_vm, id=36636, stack(0x0000008647b00000,0x0000008647c00000)]

Stack: [0x0000008647b00000,0x0000008647c00000]
Native frames: (J=compiled Java code, j=interpreted, Vv=VM code, C=native code)
V  [jvm.dll+0x67731a]
V  [jvm.dll+0x832284]
V  [jvm.dll+0x833a2e]
V  [jvm.dll+0x834093]
V  [jvm.dll+0x245775]
V  [jvm.dll+0x674209]
V  [jvm.dll+0x668a92]
V  [jvm.dll+0x30471b]
V  [jvm.dll+0x30bc66]
V  [jvm.dll+0x35ba9e]
V  [jvm.dll+0x35bccf]
V  [jvm.dll+0x2db5b8]
V  [jvm.dll+0x2dc524]
V  [jvm.dll+0x803db1]
V  [jvm.dll+0x3698f1]
V  [jvm.dll+0x7e31bc]
V  [jvm.dll+0x3ec25f]
V  [jvm.dll+0x3edde1]
C  [jli.dll+0x5277]
C  [ucrtbase.dll+0x26c0c]
C  [KERNEL32.DLL+0x153e0]
C  [ntdll.dll+0x485b]


---------------  P R O C E S S  ---------------

Threads class SMR info:
_java_thread_list=0x00007ffdf4534e98, length=0, elements={
}

Java Threads: ( => current thread )

Other Threads:
  0x00000226b30bca10 GCTaskThread "GC Thread#0" [stack: 0x0000008647c00000,0x0000008647d00000] [id=21300]
  0x00000226b30cd2e0 ConcurrentGCThread "G1 Main Marker" [stack: 0x0000008647d00000,0x0000008647e00000] [id=37128]
  0x00000226b30ce3a0 ConcurrentGCThread "G1 Conc#0" [stack: 0x0000008647e00000,0x0000008647f00000] [id=1544]

[error occurred during error reporting (printing all threads), id 0xc0000005, EXCEPTION_ACCESS_VIOLATION (0xc0000005) at pc=0x00007ffdf3d0c047]

VM state: not at safepoint (not fully initialized)

VM Mutex/Monitor currently owned by a thread:  ([mutex/lock_event])
[0x00000226b3061500] Heap_lock - owner thread: 0x00000226b1029fb0

Heap address: 0x0000000082c00000, size: 2004 MB, Compressed Oops mode: 32-bit

CDS archive(s) mapped at: [0x0000000000000000-0x0000000000000000-0x0000000000000000), size 0, SharedBaseAddress: 0x0000000800000000, ArchiveRelocationMode: 0.
Narrow klass base: 0x0000000000000000, Narrow klass shift: 0, Narrow klass range: 0x0

GC Precious Log:
<Empty>

Heap:
 garbage-first heap   total 0K, used 0K [0x0000000082c00000, 0x0000000100000000)
  region size 1024K, 0 young (0K), 0 survivors (0K)

[error occurred during error reporting (printing heap information), id 0xc0000005, EXCEPTION_ACCESS_VIOLATION (0xc0000005) at pc=0x00007ffdf40f0699]

GC Heap History (0 events):
No events

Deoptimization events (0 events):
No events

Classes unloaded (0 events):
No events

Classes redefined (0 events):
No events

Internal exceptions (0 events):
No events

VM Operations (0 events):
No events

Events (1 events):
Event: 0.013 Loaded shared library C:\Users\chandu priya\.p2\pool\plugins\org.eclipse.justj.openjdk.hotspot.jre.full.win32.x86_64_17.0.4.v20220903-1038\jre\bin\java.dll


Dynamic libraries:
0x00007ff7273d0000 - 0x00007ff7273de000 	C:\Users\chandu priya\.p2\pool\plugins\org.eclipse.justj.openjdk.hotspot.jre.full.win32.x86_64_17.0.4.v20220903-1038\jre\bin\javaw.exe
0x00007ffe51bc0000 - 0x00007ffe51dc9000 	C:\WINDOWS\SYSTEM32\ntdll.dll
0x00007ffe503a0000 - 0x00007ffe5045d000 	C:\WINDOWS\System32\KERNEL32.DLL
0x00007ffe4f490000 - 0x00007ffe4f814000 	C:\WINDOWS\System32\KERNELBASE.dll
0x00007ffe4f2b0000 - 0x00007ffe4f3c1000 	C:\WINDOWS\System32\ucrtbase.dll
0x00007ffe37a30000 - 0x00007ffe37a49000 	C:\Users\chandu priya\.p2\pool\plugins\org.eclipse.justj.openjdk.hotspot.jre.full.win32.x86_64_17.0.4.v20220903-1038\jre\bin\VCRUNTIME140.dll
0x00007ffe41db0000 - 0x00007ffe41dc8000 	C:\Users\chandu priya\.p2\pool\plugins\org.eclipse.justj.openjdk.hotspot.jre.full.win32.x86_64_17.0.4.v20220903-1038\jre\bin\jli.dll
0x00007ffe4ff40000 - 0x00007ffe500ed000 	C:\WINDOWS\System32\USER32.dll
0x00007ffe31620000 - 0x00007ffe318c5000 	C:\WINDOWS\WinSxS\amd64_microsoft.windows.common-controls_6595b64144ccf1df_6.0.22000.120_none_9d947278b86cc467\COMCTL32.dll
0x00007ffe51ad0000 - 0x00007ffe51b73000 	C:\WINDOWS\System32\msvcrt.dll
0x00007ffe50460000 - 0x00007ffe5048a000 	C:\WINDOWS\System32\GDI32.dll
0x00007ffe4f050000 - 0x00007ffe4f16e000 	C:\WINDOWS\System32\gdi32full.dll
0x00007ffe4f1a0000 - 0x00007ffe4f23d000 	C:\WINDOWS\System32\msvcp_win.dll
0x00007ffe4f170000 - 0x00007ffe4f196000 	C:\WINDOWS\System32\win32u.dll
0x00007ffe4fc30000 - 0x00007ffe4fc61000 	C:\WINDOWS\System32\IMM32.DLL
0x00007ffe496c0000 - 0x00007ffe496cc000 	C:\Users\chandu priya\.p2\pool\plugins\org.eclipse.justj.openjdk.hotspot.jre.full.win32.x86_64_17.0.4.v20220903-1038\jre\bin\vcruntime140_1.dll
0x00007ffe34580000 - 0x00007ffe34611000 	C:\Users\chandu priya\.p2\pool\plugins\org.eclipse.justj.openjdk.hotspot.jre.full.win32.x86_64_17.0.4.v20220903-1038\jre\bin\msvcp140.dll
0x00007ffdf3a20000 - 0x00007ffdf4666000 	C:\Users\chandu priya\.p2\pool\plugins\org.eclipse.justj.openjdk.hotspot.jre.full.win32.x86_64_17.0.4.v20220903-1038\jre\bin\server\jvm.dll
0x00007ffe4fe20000 - 0x00007ffe4fece000 	C:\WINDOWS\System32\ADVAPI32.dll
0x00007ffe50300000 - 0x00007ffe5039e000 	C:\WINDOWS\System32\sechost.dll
0x00007ffe4fc70000 - 0x00007ffe4fd91000 	C:\WINDOWS\System32\RPCRT4.dll
0x00007ffe51020000 - 0x00007ffe51028000 	C:\WINDOWS\System32\PSAPI.DLL
0x00007ffe47f10000 - 0x00007ffe47f43000 	C:\WINDOWS\SYSTEM32\WINMM.dll
0x00007ffe4b250000 - 0x00007ffe4b259000 	C:\WINDOWS\SYSTEM32\WSOCK32.dll
0x00007ffe504b0000 - 0x00007ffe5051f000 	C:\WINDOWS\System32\WS2_32.dll
0x00007ffe4dd00000 - 0x00007ffe4dd0a000 	C:\WINDOWS\SYSTEM32\VERSION.dll
0x00007ffe4e0c0000 - 0x00007ffe4e0d8000 	C:\WINDOWS\SYSTEM32\kernel.appcore.dll
0x00007ffe4b320000 - 0x00007ffe4b32a000 	C:\Users\chandu priya\.p2\pool\plugins\org.eclipse.justj.openjdk.hotspot.jre.full.win32.x86_64_17.0.4.v20220903-1038\jre\bin\jimage.dll
0x00007ffe4c800000 - 0x00007ffe4ca21000 	C:\WINDOWS\SYSTEM32\DBGHELP.DLL
0x00007ffe32a70000 - 0x00007ffe32aa1000 	C:\WINDOWS\SYSTEM32\dbgcore.DLL
0x00007ffe4f990000 - 0x00007ffe4fa0f000 	C:\WINDOWS\System32\bcryptPrimitives.dll
0x00007ffe49a50000 - 0x00007ffe49a75000 	C:\Users\chandu priya\.p2\pool\plugins\org.eclipse.justj.openjdk.hotspot.jre.full.win32.x86_64_17.0.4.v20220903-1038\jre\bin\java.dll

dbghelp: loaded successfully - version: 4.0.5 - missing functions: none
symbol engine: initialized successfully - sym options: 0x614 - pdb path: .;C:\Users\chandu priya\.p2\pool\plugins\org.eclipse.justj.openjdk.hotspot.jre.full.win32.x86_64_17.0.4.v20220903-1038\jre\bin;C:\WINDOWS\SYSTEM32;C:\WINDOWS\WinSxS\amd64_microsoft.windows.common-controls_6595b64144ccf1df_6.0.22000.120_none_9d947278b86cc467;C:\Users\chandu priya\.p2\pool\plugins\org.eclipse.justj.openjdk.hotspot.jre.full.win32.x86_64_17.0.4.v20220903-1038\jre\bin\server

VM Arguments:
jvm_args: -Dfile.encoding=UTF-8 -XX:+ShowCodeDetailsInExceptionMessages 
java_command: HospitalManagementSystem
java_class_path (initial): D:\eclipse-workspace\HospitalManagementSystem\bin
Launcher Type: SUN_STANDARD

[Global flags]
     intx CICompilerCount                          = 4                                         {product} {ergonomic}
     uint ConcGCThreads                            = 2                                         {product} {ergonomic}
     uint G1ConcRefinementThreads                  = 8                                         {product} {ergonomic}
   size_t G1HeapRegionSize                         = 1048576                                   {product} {ergonomic}
    uintx GCDrainStackTargetSize                   = 64                                        {product} {ergonomic}
   size_t InitialHeapSize                          = 132120576                                 {product} {ergonomic}
   size_t MarkStackSize                            = 4194304                                   {product} {ergonomic}
   size_t MaxHeapSize                              = 2101346304                                {product} {ergonomic}
   size_t MinHeapDeltaBytes                        = 1048576                                   {product} {ergonomic}
   size_t MinHeapSize                              = 8388608                                   {product} {ergonomic}
    uintx NonNMethodCodeHeapSize                   = 5839372                                {pd product} {ergonomic}
    uintx NonProfiledCodeHeapSize                  = 122909434                              {pd product} {ergonomic}
    uintx ProfiledCodeHeapSize                     = 122909434                              {pd product} {ergonomic}
    uintx ReservedCodeCacheSize                    = 251658240                              {pd product} {ergonomic}
     bool SegmentedCodeCache                       = true                                      {product} {ergonomic}
     bool ShowCodeDetailsInExceptionMessages       = true                                   {manageable} {command line}
   size_t SoftMaxHeapSize                          = 2101346304                             {manageable} {ergonomic}
     bool UseCompressedClassPointers               = true                           {product lp64_product} {ergonomic}
     bool UseCompressedOops                        = true                           {product lp64_product} {ergonomic}
     bool UseG1GC                                  = true                                      {product} {ergonomic}
     bool UseLargePagesIndividualAllocation        = false                                  {pd product} {ergonomic}

Logging:
Log output configuration:
 #0: stdout all=warning uptime,level,tags
 #1: stderr all=off uptime,level,tags

Environment Variables:
PATH=C:/Users/chandu priya/.p2/pool/plugins/org.eclipse.justj.openjdk.hotspot.jre.full.win32.x86_64_17.0.4.v20220903-1038/jre/bin/server;C:/Users/chandu priya/.p2/pool/plugins/org.eclipse.justj.openjdk.hotspot.jre.full.win32.x86_64_17.0.4.v20220903-1038/jre/bin;C:\oracle\product\10.2.0\db_14\bin;D:\oracle\product\10.2.0\db_13\bin;D:\oracle\product\10.2.0\db_7\bin;D:\oracle\product\10.2.0\db_6\bin;D:\oracle\product\10.2.0\db_5\bin;D:\oracle\product\10.2.0\db_2\bin;D:\oracle\product\10.2.0\db_1\bin;C:\WINDOWS\system32;C:\WINDOWS;C:\WINDOWS\System32\Wbem;C:\WINDOWS\System32\WindowsPowerShell\v1.0\;C:\WINDOWS\System32\OpenSSH\;C:\Program Files\Java\jdk1.8.0_311\bin;C:\Program Files\Java\jre1.8.0_311\bin;C:\Program Files\dotnet\;C:\Program Files\HP\HP One Agent;C:\Program Files\nodejs\;C:\Program Files\Git\cmd;C:\Program Files\MySQL\MySQL Shell 8.0\bin\;C:\Users\chandu priya\AppData\Local\Microsoft\WindowsApps;C:\Users\chandu priya\AppData\Local\atom\bin;C:\Users\chandu priya\AppData\Local\Microsoft\WindowsApps;;C:\Users\chandu priya\AppData\Local\Programs\Microsoft VS Code\bin;D:\hari krishna\intelij\IntelliJ IDEA Community Edition 2023.1.3\bin;;C:\Users\chandu priya\AppData\Roaming\npm;C:\WINDOWS\System32;
USERNAME=chandu priya
OS=Windows_NT
PROCESSOR_IDENTIFIER=Intel64 Family 6 Model 142 Stepping 12, GenuineIntel
TMP=C:\Users\CHANDU~1\AppData\Local\Temp
TEMP=C:\Users\CHANDU~1\AppData\Local\Temp



---------------  S Y S T E M  ---------------

OS:
 Windows 11 , 64 bit Build 22000 (10.0.22000.2538)
OS uptime: 132 days 7:55 hours

CPU: total 8 (initial active 8) (4 cores per cpu, 2 threads per core) family 6 model 142 stepping 12 microcode 0xec, cx8, cmov, fxsr, ht, mmx, 3dnowpref, sse, sse2, sse3, ssse3, sse4.1, sse4.2, popcnt, lzcnt, tsc, tscinvbit, avx, avx2, aes, erms, clmul, bmi1, bmi2, adx, fma, vzeroupper, clflush, clflushopt

Memory: 4k page, system-wide physical 8014M (950M free)
TotalPageFile size 13822M (AvailPageFile size 99M)
current process WorkingSet (physical memory assigned to process): 10M, peak: 10M
current process commit charge ("private bytes"): 60M, peak: 186M

vm_info: OpenJDK 64-Bit Server VM (17.0.4.1+1) for windows-amd64 JRE (17.0.4.1+1), built on Aug 17 2022 07:42:43 by "temurin" with MS VC++ 16.7 (VS2019)

END.
